  NeuralNet.cpp
c:\users\administrator\source\repos\neural\neuralnet\neuralnet\mytools.h(11): warning C4244: “=”: 从“std::streamoff”转换到“long”，可能丢失数据
c:\users\administrator\source\repos\neural\neuralnet\neuralnet\neuralnet.h(44): warning C4244: “参数”: 从“double”转换到“float”，可能丢失数据
c:\users\administrator\source\repos\neural\neuralnet\neuralnet\neuralnet.h(119): warning C4018: “<”: 有符号/无符号不匹配
c:\users\administrator\source\repos\neural\neuralnet\neuralnet\neuralnet.h(128): warning C4018: “<”: 有符号/无符号不匹配
c:\users\administrator\source\repos\neural\neuralnet\neuralnet\neuralnet.h(142): warning C4018: “<”: 有符号/无符号不匹配
c:\users\administrator\source\repos\neural\neuralnet\neuralnet\neuralnet.h(158): warning C4018: “<”: 有符号/无符号不匹配
c:\users\administrator\source\repos\neural\neuralnet\neuralnet\neuralnet.h(191): warning C4018: “<”: 有符号/无符号不匹配
c:\users\administrator\source\repos\neural\neuralnet\neuralnet\neuralnet.h(203): warning C4018: “<”: 有符号/无符号不匹配
c:\users\administrator\source\repos\neural\neuralnet\neuralnet\neuralnet.h(212): warning C4018: “<”: 有符号/无符号不匹配
c:\users\administrator\source\repos\neural\neuralnet\neuralnet\neuralnet.cpp(98): warning C4018: “<”: 有符号/无符号不匹配
c:\users\administrator\source\repos\neural\neuralnet\neuralnet\neuralnet.cpp(100): warning C4018: “<”: 有符号/无符号不匹配
c:\users\administrator\source\repos\neural\neuralnet\neuralnet\neuralnet.cpp(102): warning C4018: “<”: 有符号/无符号不匹配
c:\users\administrator\source\repos\neural\neuralnet\neuralnet\neuralnet.cpp(121): warning C4018: “<”: 有符号/无符号不匹配
c:\users\administrator\source\repos\neural\neuralnet\neuralnet\neuralnet.cpp(123): warning C4018: “<”: 有符号/无符号不匹配
c:\users\administrator\source\repos\neural\neuralnet\neuralnet\neuralnet.cpp(125): warning C4018: “<”: 有符号/无符号不匹配
c:\users\administrator\source\repos\neural\neuralnet\neuralnet\neuralnet.cpp(156): warning C4018: “<”: 有符号/无符号不匹配
c:\users\administrator\source\repos\neural\neuralnet\neuralnet\neuralnet.cpp(158): warning C4018: “<”: 有符号/无符号不匹配
c:\users\administrator\source\repos\neural\neuralnet\neuralnet\neuralnet.cpp(160): warning C4018: “<”: 有符号/无符号不匹配
c:\users\administrator\source\repos\neural\neuralnet\neuralnet\neuralnet.cpp(164): warning C4244: “=”: 从“double”转换到“float”，可能丢失数据
c:\users\administrator\source\repos\neural\neuralnet\neuralnet\neuralnet.cpp(166): warning C4244: “=”: 从“double”转换到“float”，可能丢失数据
  NeuralNet.vcxproj -> C:\Users\Administrator\source\repos\Neural\NeuralNet\Debug\NeuralNet.exe
